<?xml version="1.0" encoding="UTF-8"?>
<!-- Generated by org.testng.reporters.JUnitReportReporter -->
<testsuite skipped="0" hostname="LAPTOP-Amit" name="BasePage.Homepage" tests="1" failures="0" timestamp="2021-12-02T14:17:21 IST" time="6.451" errors="0">
  <testcase name="Homenevigation" time="6.451" classname="BasePage.Homepage"/>
  <system-out/>
</testsuite> <!-- BasePage.Homepage -->
