<?xml version="1.0" encoding="UTF-8"?>
<!-- Generated by org.testng.reporters.JUnitReportReporter -->
<testsuite skipped="0" hostname="LAPTOP-Amit" name="HomepageTest.LoginPageTest" tests="3" failures="0" timestamp="2022-07-29T14:40:06 IST" time="17.277" errors="0">
  <testcase name="validateloginpageTitle" time="0.031" classname="HomepageTest.LoginPageTest"/>
  <system-out/>
  <testcase name="validateLogin" time="8.588" classname="HomepageTest.LoginPageTest"/>
  <system-out/>
  <testcase name="validateLogin" time="8.658" classname="HomepageTest.LoginPageTest"/>
  <system-out/>
</testsuite> <!-- HomepageTest.LoginPageTest -->
