<?xml version="1.0" encoding="UTF-8"?>
<!-- Generated by org.testng.reporters.JUnitReportReporter -->
<testsuite skipped="0" hostname="LAPTOP-Amit" name="HomepageTest.LoginPageTest" tests="3" failures="0" timestamp="2022-01-05T18:43:25 IST" time="17.379" errors="0">
  <testcase name="validateLogin" time="8.871" classname="HomepageTest.LoginPageTest"/>
  <system-out/>
  <testcase name="validateloginpageTitle" time="0.029" classname="HomepageTest.LoginPageTest"/>
  <system-out/>
  <testcase name="validateLogin" time="8.479" classname="HomepageTest.LoginPageTest"/>
  <system-out/>
</testsuite> <!-- HomepageTest.LoginPageTest -->
