<?xml version="1.0" encoding="UTF-8"?>
<!-- Generated by org.testng.reporters.JUnitReportReporter -->
<testsuite skipped="0" hostname="LAPTOP-Amit" name="HomepageTest.HomepageTest" tests="2" failures="0" timestamp="2022-01-05T18:43:25 IST" time="9.309" errors="0">
  <testcase name="Homenevigation" time="4.534" classname="HomepageTest.HomepageTest"/>
  <system-out/>
  <testcase name="validateLoginClick" time="4.775" classname="HomepageTest.HomepageTest"/>
  <system-out/>
</testsuite> <!-- HomepageTest.HomepageTest -->
